[debug] [2023-08-10T06:41:56.584Z] ----------------------------------------------------------------------
[debug] [2023-08-10T06:41:56.586Z] Command:       C:\Program Files\nodejs\node.exe C:\Users\508-06\AppData\Roaming\npm\node_modules\firebase-tools\lib\bin\firebase.js init hosting
[debug] [2023-08-10T06:41:56.587Z] CLI Version:   12.4.7
[debug] [2023-08-10T06:41:56.587Z] Platform:      win32
[debug] [2023-08-10T06:41:56.587Z] Node Version:  v18.17.0
[debug] [2023-08-10T06:41:56.588Z] Time:          Thu Aug 10 2023 15:41:56 GMT+0900 (대한민국 표준시)
[debug] [2023-08-10T06:41:56.588Z] ----------------------------------------------------------------------
[debug] 
[debug] [2023-08-10T06:41:56.595Z] > command requires scopes: ["email","openid","https://www.googleapis.com/auth/cloudplatformprojects.readonly","https://www.googleapis.com/auth/firebase","https://www.googleapis.com/auth/cloud-platform"]
[debug] [2023-08-10T06:41:56.595Z] > authorizing via signed-in user (20230601sy@gmail.com)
[info] 
     ######## #### ########  ######## ########     ###     ######  ########
     ##        ##  ##     ## ##       ##     ##  ##   ##  ##       ##
     ######    ##  ########  ######   ########  #########  ######  ######
     ##        ##  ##    ##  ##       ##     ## ##     ##       ## ##
     ##       #### ##     ## ######## ########  ##     ##  ######  ########

You're about to initialize a Firebase project in this directory:

  D:\Y\front\4_react\0810

[info] 
=== Project Setup
[info] 
[info] First, let's associate this project directory with a Firebase project.
[info] You can create multiple project aliases by running firebase use --add, 
[info] but for now we'll just set up a default project.
[info] 
[debug] [2023-08-10T06:42:21.055Z] >>> [apiv2][query] GET https://firebase.googleapis.com/v1beta1/projects pageSize=100
[debug] [2023-08-10T06:42:21.819Z] <<< [apiv2][status] GET https://firebase.googleapis.com/v1beta1/projects 200
[debug] [2023-08-10T06:42:21.819Z] <<< [apiv2][body] GET https://firebase.googleapis.com/v1beta1/projects [omitted]
[debug] [2023-08-10T06:42:34.344Z] ----------------------------------------------------------------------
[debug] [2023-08-10T06:42:34.346Z] Command:       C:\Program Files\nodejs\node.exe C:\Users\508-06\AppData\Roaming\npm\node_modules\firebase-tools\lib\bin\firebase.js init hosting
[debug] [2023-08-10T06:42:34.346Z] CLI Version:   12.4.7
[debug] [2023-08-10T06:42:34.346Z] Platform:      win32
[debug] [2023-08-10T06:42:34.347Z] Node Version:  v18.17.0
[debug] [2023-08-10T06:42:34.347Z] Time:          Thu Aug 10 2023 15:42:34 GMT+0900 (대한민국 표준시)
[debug] [2023-08-10T06:42:34.348Z] ----------------------------------------------------------------------
[debug] 
[debug] [2023-08-10T06:42:34.354Z] > command requires scopes: ["email","openid","https://www.googleapis.com/auth/cloudplatformprojects.readonly","https://www.googleapis.com/auth/firebase","https://www.googleapis.com/auth/cloud-platform"]
[debug] [2023-08-10T06:42:34.355Z] > authorizing via signed-in user (20230601sy@gmail.com)
[info] 
     ######## #### ########  ######## ########     ###     ######  ########
     ##        ##  ##     ## ##       ##     ##  ##   ##  ##       ##
     ######    ##  ########  ######   ########  #########  ######  ######
     ##        ##  ##    ##  ##       ##     ## ##     ##       ## ##
     ##       #### ##     ## ######## ########  ##     ##  ######  ########

You're about to initialize a Firebase project in this directory:

  D:\Y\front\4_react\0810

[info] 
=== Project Setup
[info] 
[info] First, let's associate this project directory with a Firebase project.
[info] You can create multiple project aliases by running firebase use --add, 
[info] but for now we'll just set up a default project.
[info] 
[info] i  If you want to create a project in a Google Cloud organization or folder, please use "firebase projects:create" instead, and return to this command when you've created the project. 
